2019-08-22 20:00:51.662 INFO  cn.com.ss.customer.generate.Runner ----开始准备导出数据---
2019-08-22 20:00:51.690 INFO  cn.com.ss.customer.generate.Runner -连接数据库
2019-08-22 20:00:51.733 INFO  c.c.s.c.g.util.PropertiesLoader -===config.properties loaded===
2019-08-22 20:01:14.480 INFO  cn.com.ss.customer.generate.Runner ----开始准备导出数据---
2019-08-22 20:01:14.483 INFO  cn.com.ss.customer.generate.Runner -连接数据库
2019-08-22 20:01:14.508 INFO  c.c.s.c.g.util.PropertiesLoader -===config.properties loaded===
2019-08-22 20:01:15.770 INFO  cn.com.ss.customer.generate.Runner -数据库连接成功
2019-08-22 20:01:15.775 INFO  c.c.s.c.g.util.GenerateFileUtils -开始解析表:ConsumerToken
2019-08-22 20:01:17.273 INFO  c.c.s.c.g.util.GenerateFileUtils -是否使用JPA:true
2019-08-22 20:01:17.274 INFO  c.c.s.c.g.util.GenerateFileUtils -生成JPA文件开始,Table Name:ConsumerToken
2019-08-22 20:01:17.285 INFO  c.c.s.c.g.util.GenerateFileUtils -JPA中是否使用Lombok:true
2019-08-22 20:01:17.285 INFO  c.c.s.c.g.util.GenerateFileUtils -生成JPA-Lombok Domain,Table Name:ConsumerToken
2019-08-22 20:01:17.410 INFO  c.c.s.c.g.util.GenerateFileUtils -生成JPA Repository,Table Name:ConsumerToken
2019-08-22 20:01:17.413 INFO  c.c.s.c.g.util.GenerateFileUtils -生成JPA Service,Table Name:ConsumerToken
2019-08-22 20:01:17.419 INFO  c.c.s.c.g.util.GenerateFileUtils -生成JPA ServiceImpl,Table Name:ConsumerToken
2019-08-22 20:01:17.423 INFO  c.c.s.c.g.util.GenerateFileUtils -生成JPA文件结束
2019-08-22 20:01:17.423 INFO  c.c.s.c.g.util.GenerateFileUtils -开始解析表:Favorite
2019-08-22 20:01:18.382 INFO  c.c.s.c.g.util.GenerateFileUtils -是否使用JPA:true
2019-08-22 20:01:18.383 INFO  c.c.s.c.g.util.GenerateFileUtils -生成JPA文件开始,Table Name:Favorite
2019-08-22 20:01:18.383 INFO  c.c.s.c.g.util.GenerateFileUtils -JPA中是否使用Lombok:true
2019-08-22 20:01:18.383 INFO  c.c.s.c.g.util.GenerateFileUtils -生成JPA-Lombok Domain,Table Name:Favorite
2019-08-22 20:01:18.389 INFO  c.c.s.c.g.util.GenerateFileUtils -生成JPA Repository,Table Name:Favorite
2019-08-22 20:01:18.392 INFO  c.c.s.c.g.util.GenerateFileUtils -生成JPA Service,Table Name:Favorite
2019-08-22 20:01:18.395 INFO  c.c.s.c.g.util.GenerateFileUtils -生成JPA ServiceImpl,Table Name:Favorite
2019-08-22 20:01:18.399 INFO  c.c.s.c.g.util.GenerateFileUtils -生成JPA文件结束
2019-08-22 20:01:18.399 INFO  c.c.s.c.g.util.GenerateFileUtils -开始解析表:Permission
2019-08-22 20:01:19.297 INFO  c.c.s.c.g.util.GenerateFileUtils -是否使用JPA:true
2019-08-22 20:01:19.297 INFO  c.c.s.c.g.util.GenerateFileUtils -生成JPA文件开始,Table Name:Permission
2019-08-22 20:01:19.298 INFO  c.c.s.c.g.util.GenerateFileUtils -JPA中是否使用Lombok:true
2019-08-22 20:01:19.298 INFO  c.c.s.c.g.util.GenerateFileUtils -生成JPA-Lombok Domain,Table Name:Permission
2019-08-22 20:01:19.301 INFO  c.c.s.c.g.util.GenerateFileUtils -生成JPA Repository,Table Name:Permission
2019-08-22 20:01:19.303 INFO  c.c.s.c.g.util.GenerateFileUtils -生成JPA Service,Table Name:Permission
2019-08-22 20:01:19.306 INFO  c.c.s.c.g.util.GenerateFileUtils -生成JPA ServiceImpl,Table Name:Permission
2019-08-22 20:01:19.309 INFO  c.c.s.c.g.util.GenerateFileUtils -生成JPA文件结束
2019-08-22 20:01:19.309 INFO  c.c.s.c.g.util.GenerateFileUtils -开始解析表:Role
2019-08-22 20:01:20.154 INFO  c.c.s.c.g.util.GenerateFileUtils -是否使用JPA:true
2019-08-22 20:01:20.154 INFO  c.c.s.c.g.util.GenerateFileUtils -生成JPA文件开始,Table Name:Role
2019-08-22 20:01:20.155 INFO  c.c.s.c.g.util.GenerateFileUtils -JPA中是否使用Lombok:true
2019-08-22 20:01:20.155 INFO  c.c.s.c.g.util.GenerateFileUtils -生成JPA-Lombok Domain,Table Name:Role
2019-08-22 20:01:20.158 INFO  c.c.s.c.g.util.GenerateFileUtils -生成JPA Repository,Table Name:Role
2019-08-22 20:01:20.160 INFO  c.c.s.c.g.util.GenerateFileUtils -生成JPA Service,Table Name:Role
2019-08-22 20:01:20.163 INFO  c.c.s.c.g.util.GenerateFileUtils -生成JPA ServiceImpl,Table Name:Role
2019-08-22 20:01:20.166 INFO  c.c.s.c.g.util.GenerateFileUtils -生成JPA文件结束
2019-08-22 20:01:20.166 INFO  c.c.s.c.g.util.GenerateFileUtils -开始解析表:RolePermission
2019-08-22 20:01:21.088 INFO  c.c.s.c.g.util.GenerateFileUtils -是否使用JPA:true
2019-08-22 20:01:21.088 INFO  c.c.s.c.g.util.GenerateFileUtils -生成JPA文件开始,Table Name:RolePermission
2019-08-22 20:01:21.089 INFO  c.c.s.c.g.util.GenerateFileUtils -JPA中是否使用Lombok:true
2019-08-22 20:01:21.089 INFO  c.c.s.c.g.util.GenerateFileUtils -生成JPA-Lombok Domain,Table Name:RolePermission
2019-08-22 20:01:21.092 INFO  c.c.s.c.g.util.GenerateFileUtils -生成JPA Repository,Table Name:RolePermission
2019-08-22 20:01:21.093 INFO  c.c.s.c.g.util.GenerateFileUtils -生成JPA Service,Table Name:RolePermission
2019-08-22 20:01:21.095 INFO  c.c.s.c.g.util.GenerateFileUtils -生成JPA ServiceImpl,Table Name:RolePermission
2019-08-22 20:01:21.097 INFO  c.c.s.c.g.util.GenerateFileUtils -生成JPA文件结束
2019-08-22 20:01:21.097 INFO  c.c.s.c.g.util.GenerateFileUtils -开始解析表:ServerConfig
2019-08-22 20:01:22.446 INFO  c.c.s.c.g.util.GenerateFileUtils -是否使用JPA:true
2019-08-22 20:01:22.447 INFO  c.c.s.c.g.util.GenerateFileUtils -生成JPA文件开始,Table Name:ServerConfig
2019-08-22 20:01:22.447 INFO  c.c.s.c.g.util.GenerateFileUtils -JPA中是否使用Lombok:true
2019-08-22 20:01:22.447 INFO  c.c.s.c.g.util.GenerateFileUtils -生成JPA-Lombok Domain,Table Name:ServerConfig
2019-08-22 20:01:22.450 INFO  c.c.s.c.g.util.GenerateFileUtils -生成JPA Repository,Table Name:ServerConfig
2019-08-22 20:01:22.452 INFO  c.c.s.c.g.util.GenerateFileUtils -生成JPA Service,Table Name:ServerConfig
2019-08-22 20:01:22.454 INFO  c.c.s.c.g.util.GenerateFileUtils -生成JPA ServiceImpl,Table Name:ServerConfig
2019-08-22 20:01:22.457 INFO  c.c.s.c.g.util.GenerateFileUtils -生成JPA文件结束
2019-08-22 20:01:22.457 INFO  c.c.s.c.g.util.GenerateFileUtils -开始解析表:UserRole
2019-08-22 20:01:23.376 INFO  c.c.s.c.g.util.GenerateFileUtils -是否使用JPA:true
2019-08-22 20:01:23.377 INFO  c.c.s.c.g.util.GenerateFileUtils -生成JPA文件开始,Table Name:UserRole
2019-08-22 20:01:23.378 INFO  c.c.s.c.g.util.GenerateFileUtils -JPA中是否使用Lombok:true
2019-08-22 20:01:23.378 INFO  c.c.s.c.g.util.GenerateFileUtils -生成JPA-Lombok Domain,Table Name:UserRole
2019-08-22 20:01:23.391 INFO  c.c.s.c.g.util.GenerateFileUtils -生成JPA Repository,Table Name:UserRole
2019-08-22 20:01:23.400 INFO  c.c.s.c.g.util.GenerateFileUtils -生成JPA Service,Table Name:UserRole
2019-08-22 20:01:23.410 INFO  c.c.s.c.g.util.GenerateFileUtils -生成JPA ServiceImpl,Table Name:UserRole
2019-08-22 20:01:23.508 INFO  c.c.s.c.g.util.GenerateFileUtils -生成JPA文件结束
2019-08-22 20:01:23.508 INFO  c.c.s.c.g.util.GenerateFileUtils -开始解析表:Users
2019-08-22 20:01:24.376 INFO  c.c.s.c.g.util.GenerateFileUtils -是否使用JPA:true
2019-08-22 20:01:24.377 INFO  c.c.s.c.g.util.GenerateFileUtils -生成JPA文件开始,Table Name:Users
2019-08-22 20:01:24.378 INFO  c.c.s.c.g.util.GenerateFileUtils -JPA中是否使用Lombok:true
2019-08-22 20:01:24.379 INFO  c.c.s.c.g.util.GenerateFileUtils -生成JPA-Lombok Domain,Table Name:Users
2019-08-22 20:01:24.386 INFO  c.c.s.c.g.util.GenerateFileUtils -生成JPA Repository,Table Name:Users
2019-08-22 20:01:24.391 INFO  c.c.s.c.g.util.GenerateFileUtils -生成JPA Service,Table Name:Users
2019-08-22 20:01:24.397 INFO  c.c.s.c.g.util.GenerateFileUtils -生成JPA ServiceImpl,Table Name:Users
2019-08-22 20:01:24.403 INFO  c.c.s.c.g.util.GenerateFileUtils -生成JPA文件结束
2019-08-22 20:01:24.403 INFO  c.c.s.c.g.util.GenerateFileUtils -开始解析表:App
2019-08-22 20:01:25.969 INFO  c.c.s.c.g.util.GenerateFileUtils -是否使用JPA:true
2019-08-22 20:01:25.970 INFO  c.c.s.c.g.util.GenerateFileUtils -生成JPA文件开始,Table Name:App
2019-08-22 20:01:25.971 INFO  c.c.s.c.g.util.GenerateFileUtils -JPA中是否使用Lombok:true
2019-08-22 20:01:25.972 INFO  c.c.s.c.g.util.GenerateFileUtils -生成JPA-Lombok Domain,Table Name:App
2019-08-22 20:01:25.986 INFO  c.c.s.c.g.util.GenerateFileUtils -生成JPA Repository,Table Name:App
2019-08-22 20:01:25.993 INFO  c.c.s.c.g.util.GenerateFileUtils -生成JPA Service,Table Name:App
2019-08-22 20:01:25.997 INFO  c.c.s.c.g.util.GenerateFileUtils -生成JPA ServiceImpl,Table Name:App
2019-08-22 20:01:26.003 INFO  c.c.s.c.g.util.GenerateFileUtils -生成JPA文件结束
2019-08-22 20:01:26.004 INFO  c.c.s.c.g.util.GenerateFileUtils -开始解析表:Authorities
2019-08-22 20:01:26.560 INFO  c.c.s.c.g.util.GenerateFileUtils -是否使用JPA:true
2019-08-22 20:01:26.561 INFO  c.c.s.c.g.util.GenerateFileUtils -生成JPA文件开始,Table Name:Authorities
2019-08-22 20:01:26.561 INFO  c.c.s.c.g.util.GenerateFileUtils -JPA中是否使用Lombok:true
2019-08-22 20:01:26.561 INFO  c.c.s.c.g.util.GenerateFileUtils -生成JPA-Lombok Domain,Table Name:Authorities
2019-08-22 20:01:26.564 INFO  c.c.s.c.g.util.GenerateFileUtils -生成JPA Repository,Table Name:Authorities
2019-08-22 20:01:26.566 INFO  c.c.s.c.g.util.GenerateFileUtils -生成JPA Service,Table Name:Authorities
2019-08-22 20:01:26.568 INFO  c.c.s.c.g.util.GenerateFileUtils -生成JPA ServiceImpl,Table Name:Authorities
2019-08-22 20:01:26.571 INFO  c.c.s.c.g.util.GenerateFileUtils -生成JPA文件结束
2019-08-22 20:01:26.571 INFO  c.c.s.c.g.util.GenerateFileUtils -开始解析表:AppNamespace
2019-08-22 20:01:28.361 INFO  c.c.s.c.g.util.GenerateFileUtils -是否使用JPA:true
2019-08-22 20:01:28.362 INFO  c.c.s.c.g.util.GenerateFileUtils -生成JPA文件开始,Table Name:AppNamespace
2019-08-22 20:01:28.363 INFO  c.c.s.c.g.util.GenerateFileUtils -JPA中是否使用Lombok:true
2019-08-22 20:01:28.363 INFO  c.c.s.c.g.util.GenerateFileUtils -生成JPA-Lombok Domain,Table Name:AppNamespace
2019-08-22 20:01:28.376 INFO  c.c.s.c.g.util.GenerateFileUtils -生成JPA Repository,Table Name:AppNamespace
2019-08-22 20:01:28.387 INFO  c.c.s.c.g.util.GenerateFileUtils -生成JPA Service,Table Name:AppNamespace
2019-08-22 20:01:28.394 INFO  c.c.s.c.g.util.GenerateFileUtils -生成JPA ServiceImpl,Table Name:AppNamespace
2019-08-22 20:01:28.398 INFO  c.c.s.c.g.util.GenerateFileUtils -生成JPA文件结束
2019-08-22 20:01:28.399 INFO  c.c.s.c.g.util.GenerateFileUtils -开始解析表:Consumer
2019-08-22 20:01:30.454 INFO  c.c.s.c.g.util.GenerateFileUtils -是否使用JPA:true
2019-08-22 20:01:30.455 INFO  c.c.s.c.g.util.GenerateFileUtils -生成JPA文件开始,Table Name:Consumer
2019-08-22 20:01:30.456 INFO  c.c.s.c.g.util.GenerateFileUtils -JPA中是否使用Lombok:true
2019-08-22 20:01:30.456 INFO  c.c.s.c.g.util.GenerateFileUtils -生成JPA-Lombok Domain,Table Name:Consumer
2019-08-22 20:01:30.468 INFO  c.c.s.c.g.util.GenerateFileUtils -生成JPA Repository,Table Name:Consumer
2019-08-22 20:01:30.476 INFO  c.c.s.c.g.util.GenerateFileUtils -生成JPA Service,Table Name:Consumer
2019-08-22 20:01:30.486 INFO  c.c.s.c.g.util.GenerateFileUtils -生成JPA ServiceImpl,Table Name:Consumer
2019-08-22 20:01:30.494 INFO  c.c.s.c.g.util.GenerateFileUtils -生成JPA文件结束
2019-08-22 20:01:30.495 INFO  c.c.s.c.g.util.GenerateFileUtils -开始解析表:ConsumerAudit
2019-08-22 20:01:31.371 INFO  c.c.s.c.g.util.GenerateFileUtils -是否使用JPA:true
2019-08-22 20:01:31.372 INFO  c.c.s.c.g.util.GenerateFileUtils -生成JPA文件开始,Table Name:ConsumerAudit
2019-08-22 20:01:31.372 INFO  c.c.s.c.g.util.GenerateFileUtils -JPA中是否使用Lombok:true
2019-08-22 20:01:31.372 INFO  c.c.s.c.g.util.GenerateFileUtils -生成JPA-Lombok Domain,Table Name:ConsumerAudit
2019-08-22 20:01:31.379 INFO  c.c.s.c.g.util.GenerateFileUtils -生成JPA Repository,Table Name:ConsumerAudit
2019-08-22 20:01:31.384 INFO  c.c.s.c.g.util.GenerateFileUtils -生成JPA Service,Table Name:ConsumerAudit
2019-08-22 20:01:31.388 INFO  c.c.s.c.g.util.GenerateFileUtils -生成JPA ServiceImpl,Table Name:ConsumerAudit
2019-08-22 20:01:31.393 INFO  c.c.s.c.g.util.GenerateFileUtils -生成JPA文件结束
2019-08-22 20:01:31.394 INFO  c.c.s.c.g.util.GenerateFileUtils -开始解析表:ConsumerRole
2019-08-22 20:01:32.788 INFO  c.c.s.c.g.util.GenerateFileUtils -是否使用JPA:true
2019-08-22 20:01:32.789 INFO  c.c.s.c.g.util.GenerateFileUtils -生成JPA文件开始,Table Name:ConsumerRole
2019-08-22 20:01:32.790 INFO  c.c.s.c.g.util.GenerateFileUtils -JPA中是否使用Lombok:true
2019-08-22 20:01:32.790 INFO  c.c.s.c.g.util.GenerateFileUtils -生成JPA-Lombok Domain,Table Name:ConsumerRole
2019-08-22 20:01:32.802 INFO  c.c.s.c.g.util.GenerateFileUtils -生成JPA Repository,Table Name:ConsumerRole
2019-08-22 20:01:32.808 INFO  c.c.s.c.g.util.GenerateFileUtils -生成JPA Service,Table Name:ConsumerRole
2019-08-22 20:01:32.815 INFO  c.c.s.c.g.util.GenerateFileUtils -生成JPA ServiceImpl,Table Name:ConsumerRole
2019-08-22 20:01:32.821 INFO  c.c.s.c.g.util.GenerateFileUtils -生成JPA文件结束
