2019-05-14 10:00:52.710 INFO  cn.com.ss.customer.generate.Runner ----开始准备导出数据---
2019-05-14 10:00:52.744 INFO  cn.com.ss.customer.generate.Runner -连接数据库
2019-05-14 10:00:52.900 INFO  c.c.s.c.g.util.PropertiesLoader -===config.properties loaded===
2019-05-14 10:00:55.822 INFO  cn.com.ss.customer.generate.Runner -数据库连接成功
2019-05-14 10:00:55.847 INFO  c.c.s.c.g.util.GenerateFileUtils -开始解析表:DPS_CMDB_MACHINE
2019-05-14 10:00:58.478 INFO  c.c.s.c.g.util.GenerateFileUtils -是否使用JPA:true
2019-05-14 10:00:58.478 INFO  c.c.s.c.g.util.GenerateFileUtils -生成JPA文件开始,Table Name:DPS_CMDB_MACHINE
2019-05-14 10:00:58.492 INFO  c.c.s.c.g.util.GenerateFileUtils -JPA中是否使用Lombok:true
2019-05-14 10:00:58.494 INFO  c.c.s.c.g.util.GenerateFileUtils -生成JPA-Lombok Domain,Table Name:DPS_CMDB_MACHINE
2019-05-14 10:00:58.814 INFO  c.c.s.c.g.util.GenerateFileUtils -生成JPA Repository,Table Name:DPS_CMDB_MACHINE
2019-05-14 10:00:58.819 INFO  c.c.s.c.g.util.GenerateFileUtils -生成JPA文件结束
2019-05-14 10:00:58.819 INFO  c.c.s.c.g.util.GenerateFileUtils -开始解析表:DPS_CMDB_MACHINE_INFO
2019-05-14 10:01:00.326 INFO  c.c.s.c.g.util.GenerateFileUtils -是否使用JPA:true
2019-05-14 10:01:00.327 INFO  c.c.s.c.g.util.GenerateFileUtils -生成JPA文件开始,Table Name:DPS_CMDB_MACHINE_INFO
2019-05-14 10:01:00.327 INFO  c.c.s.c.g.util.GenerateFileUtils -JPA中是否使用Lombok:true
2019-05-14 10:01:00.327 INFO  c.c.s.c.g.util.GenerateFileUtils -生成JPA-Lombok Domain,Table Name:DPS_CMDB_MACHINE_INFO
2019-05-14 10:01:00.336 INFO  c.c.s.c.g.util.GenerateFileUtils -生成JPA Repository,Table Name:DPS_CMDB_MACHINE_INFO
2019-05-14 10:01:00.340 INFO  c.c.s.c.g.util.GenerateFileUtils -生成JPA文件结束
2019-05-14 10:01:00.340 INFO  c.c.s.c.g.util.GenerateFileUtils -开始解析表:DPS_CMDB_MACHINE_SOFT
2019-05-14 10:01:02.285 INFO  c.c.s.c.g.util.GenerateFileUtils -是否使用JPA:true
2019-05-14 10:01:02.285 INFO  c.c.s.c.g.util.GenerateFileUtils -生成JPA文件开始,Table Name:DPS_CMDB_MACHINE_SOFT
2019-05-14 10:01:02.286 INFO  c.c.s.c.g.util.GenerateFileUtils -JPA中是否使用Lombok:true
2019-05-14 10:01:02.286 INFO  c.c.s.c.g.util.GenerateFileUtils -生成JPA-Lombok Domain,Table Name:DPS_CMDB_MACHINE_SOFT
2019-05-14 10:01:02.291 INFO  c.c.s.c.g.util.GenerateFileUtils -生成JPA Repository,Table Name:DPS_CMDB_MACHINE_SOFT
2019-05-14 10:01:02.295 INFO  c.c.s.c.g.util.GenerateFileUtils -生成JPA文件结束
2019-05-14 10:06:35.972 INFO  cn.com.ss.customer.generate.Runner ----开始准备导出数据---
2019-05-14 10:06:35.975 INFO  cn.com.ss.customer.generate.Runner -连接数据库
2019-05-14 10:06:36.015 INFO  c.c.s.c.g.util.PropertiesLoader -===config.properties loaded===
2019-05-14 10:06:39.053 INFO  cn.com.ss.customer.generate.Runner -数据库连接成功
2019-05-14 10:06:39.057 INFO  c.c.s.c.g.util.GenerateFileUtils -开始解析表:DPS_CMDB_MACHINE
2019-05-14 10:06:40.945 INFO  c.c.s.c.g.util.GenerateFileUtils -是否使用JPA:true
2019-05-14 10:06:40.945 INFO  c.c.s.c.g.util.GenerateFileUtils -生成JPA文件开始,Table Name:DPS_CMDB_MACHINE
2019-05-14 10:06:40.957 INFO  c.c.s.c.g.util.GenerateFileUtils -JPA中是否使用Lombok:true
2019-05-14 10:06:40.957 INFO  c.c.s.c.g.util.GenerateFileUtils -生成JPA-Lombok Domain,Table Name:DPS_CMDB_MACHINE
2019-05-14 10:06:41.096 INFO  c.c.s.c.g.util.GenerateFileUtils -生成JPA Repository,Table Name:DPS_CMDB_MACHINE
2019-05-14 10:06:41.101 INFO  c.c.s.c.g.util.GenerateFileUtils -生成JPA文件结束
2019-05-14 10:06:41.102 INFO  c.c.s.c.g.util.GenerateFileUtils -开始解析表:DPS_CMDB_MACHINE_INFO
2019-05-14 10:06:42.236 INFO  c.c.s.c.g.util.GenerateFileUtils -是否使用JPA:true
2019-05-14 10:06:42.236 INFO  c.c.s.c.g.util.GenerateFileUtils -生成JPA文件开始,Table Name:DPS_CMDB_MACHINE_INFO
2019-05-14 10:06:42.236 INFO  c.c.s.c.g.util.GenerateFileUtils -JPA中是否使用Lombok:true
2019-05-14 10:06:42.236 INFO  c.c.s.c.g.util.GenerateFileUtils -生成JPA-Lombok Domain,Table Name:DPS_CMDB_MACHINE_INFO
2019-05-14 10:06:42.243 INFO  c.c.s.c.g.util.GenerateFileUtils -生成JPA Repository,Table Name:DPS_CMDB_MACHINE_INFO
2019-05-14 10:06:42.246 INFO  c.c.s.c.g.util.GenerateFileUtils -生成JPA文件结束
2019-05-14 10:06:42.246 INFO  c.c.s.c.g.util.GenerateFileUtils -开始解析表:DPS_CMDB_MACHINE_SOFT
2019-05-14 10:06:43.645 INFO  c.c.s.c.g.util.GenerateFileUtils -是否使用JPA:true
2019-05-14 10:06:43.646 INFO  c.c.s.c.g.util.GenerateFileUtils -生成JPA文件开始,Table Name:DPS_CMDB_MACHINE_SOFT
2019-05-14 10:06:43.646 INFO  c.c.s.c.g.util.GenerateFileUtils -JPA中是否使用Lombok:true
2019-05-14 10:06:43.646 INFO  c.c.s.c.g.util.GenerateFileUtils -生成JPA-Lombok Domain,Table Name:DPS_CMDB_MACHINE_SOFT
2019-05-14 10:06:43.652 INFO  c.c.s.c.g.util.GenerateFileUtils -生成JPA Repository,Table Name:DPS_CMDB_MACHINE_SOFT
2019-05-14 10:06:43.657 INFO  c.c.s.c.g.util.GenerateFileUtils -生成JPA文件结束
2019-05-14 10:13:59.922 INFO  cn.com.ss.customer.generate.Runner ----开始准备导出数据---
2019-05-14 10:13:59.927 INFO  cn.com.ss.customer.generate.Runner -连接数据库
2019-05-14 10:13:59.964 INFO  c.c.s.c.g.util.PropertiesLoader -===config.properties loaded===
2019-05-14 10:14:03.259 INFO  cn.com.ss.customer.generate.Runner -数据库连接成功
2019-05-14 10:14:03.266 INFO  c.c.s.c.g.util.GenerateFileUtils -开始解析表:DPS_CMDB_MACHINE
2019-05-14 10:14:05.280 INFO  c.c.s.c.g.util.GenerateFileUtils -是否使用JPA:true
2019-05-14 10:14:05.280 INFO  c.c.s.c.g.util.GenerateFileUtils -生成JPA文件开始,Table Name:DPS_CMDB_MACHINE
2019-05-14 10:14:05.291 INFO  c.c.s.c.g.util.GenerateFileUtils -JPA中是否使用Lombok:true
2019-05-14 10:14:05.292 INFO  c.c.s.c.g.util.GenerateFileUtils -生成JPA-Lombok Domain,Table Name:DPS_CMDB_MACHINE
2019-05-14 10:14:05.429 INFO  c.c.s.c.g.util.GenerateFileUtils -生成JPA Repository,Table Name:DPS_CMDB_MACHINE
2019-05-14 10:14:05.433 INFO  c.c.s.c.g.util.GenerateFileUtils -生成JPA文件结束
2019-05-14 10:14:05.433 INFO  c.c.s.c.g.util.GenerateFileUtils -开始解析表:DPS_CMDB_MACHINE_INFO
2019-05-14 10:14:06.503 INFO  c.c.s.c.g.util.GenerateFileUtils -是否使用JPA:true
2019-05-14 10:14:06.504 INFO  c.c.s.c.g.util.GenerateFileUtils -生成JPA文件开始,Table Name:DPS_CMDB_MACHINE_INFO
2019-05-14 10:14:06.504 INFO  c.c.s.c.g.util.GenerateFileUtils -JPA中是否使用Lombok:true
2019-05-14 10:14:06.504 INFO  c.c.s.c.g.util.GenerateFileUtils -生成JPA-Lombok Domain,Table Name:DPS_CMDB_MACHINE_INFO
2019-05-14 10:14:06.512 INFO  c.c.s.c.g.util.GenerateFileUtils -生成JPA Repository,Table Name:DPS_CMDB_MACHINE_INFO
2019-05-14 10:14:06.515 INFO  c.c.s.c.g.util.GenerateFileUtils -生成JPA文件结束
2019-05-14 10:14:06.516 INFO  c.c.s.c.g.util.GenerateFileUtils -开始解析表:DPS_CMDB_MACHINE_SOFT
2019-05-14 10:14:07.869 INFO  c.c.s.c.g.util.GenerateFileUtils -是否使用JPA:true
2019-05-14 10:14:07.870 INFO  c.c.s.c.g.util.GenerateFileUtils -生成JPA文件开始,Table Name:DPS_CMDB_MACHINE_SOFT
2019-05-14 10:14:07.870 INFO  c.c.s.c.g.util.GenerateFileUtils -JPA中是否使用Lombok:true
2019-05-14 10:14:07.870 INFO  c.c.s.c.g.util.GenerateFileUtils -生成JPA-Lombok Domain,Table Name:DPS_CMDB_MACHINE_SOFT
2019-05-14 10:14:07.877 INFO  c.c.s.c.g.util.GenerateFileUtils -生成JPA Repository,Table Name:DPS_CMDB_MACHINE_SOFT
2019-05-14 10:14:07.882 INFO  c.c.s.c.g.util.GenerateFileUtils -生成JPA文件结束
2019-05-14 10:17:29.150 INFO  cn.com.ss.customer.generate.Runner ----开始准备导出数据---
2019-05-14 10:17:29.153 INFO  cn.com.ss.customer.generate.Runner -连接数据库
2019-05-14 10:17:29.184 INFO  c.c.s.c.g.util.PropertiesLoader -===config.properties loaded===
2019-05-14 10:17:32.314 INFO  cn.com.ss.customer.generate.Runner -数据库连接成功
2019-05-14 10:17:32.319 INFO  c.c.s.c.g.util.GenerateFileUtils -开始解析表:DPS_CMDB_MACHINE
2019-05-14 10:17:34.279 INFO  c.c.s.c.g.util.GenerateFileUtils -是否使用JPA:true
2019-05-14 10:17:34.279 INFO  c.c.s.c.g.util.GenerateFileUtils -生成JPA文件开始,Table Name:DPS_CMDB_MACHINE
2019-05-14 10:17:34.289 INFO  c.c.s.c.g.util.GenerateFileUtils -JPA中是否使用Lombok:true
2019-05-14 10:17:34.290 INFO  c.c.s.c.g.util.GenerateFileUtils -生成JPA-Lombok Domain,Table Name:DPS_CMDB_MACHINE
2019-05-14 10:17:34.424 INFO  c.c.s.c.g.util.GenerateFileUtils -生成JPA Repository,Table Name:DPS_CMDB_MACHINE
2019-05-14 10:17:34.429 INFO  c.c.s.c.g.util.GenerateFileUtils -生成JPA Service,Table Name:DPS_CMDB_MACHINE
2019-05-14 10:17:34.438 INFO  c.c.s.c.g.util.GenerateFileUtils -生成JPA文件结束
2019-05-14 10:17:34.439 INFO  c.c.s.c.g.util.GenerateFileUtils -开始解析表:DPS_CMDB_MACHINE_INFO
2019-05-14 10:17:35.614 INFO  c.c.s.c.g.util.GenerateFileUtils -是否使用JPA:true
2019-05-14 10:17:35.614 INFO  c.c.s.c.g.util.GenerateFileUtils -生成JPA文件开始,Table Name:DPS_CMDB_MACHINE_INFO
2019-05-14 10:17:35.614 INFO  c.c.s.c.g.util.GenerateFileUtils -JPA中是否使用Lombok:true
2019-05-14 10:17:35.615 INFO  c.c.s.c.g.util.GenerateFileUtils -生成JPA-Lombok Domain,Table Name:DPS_CMDB_MACHINE_INFO
2019-05-14 10:17:35.619 INFO  c.c.s.c.g.util.GenerateFileUtils -生成JPA Repository,Table Name:DPS_CMDB_MACHINE_INFO
2019-05-14 10:17:35.623 INFO  c.c.s.c.g.util.GenerateFileUtils -生成JPA Service,Table Name:DPS_CMDB_MACHINE_INFO
2019-05-14 10:17:35.629 INFO  c.c.s.c.g.util.GenerateFileUtils -生成JPA文件结束
2019-05-14 10:17:35.630 INFO  c.c.s.c.g.util.GenerateFileUtils -开始解析表:DPS_CMDB_MACHINE_SOFT
2019-05-14 10:17:37.157 INFO  c.c.s.c.g.util.GenerateFileUtils -是否使用JPA:true
2019-05-14 10:17:37.158 INFO  c.c.s.c.g.util.GenerateFileUtils -生成JPA文件开始,Table Name:DPS_CMDB_MACHINE_SOFT
2019-05-14 10:17:37.158 INFO  c.c.s.c.g.util.GenerateFileUtils -JPA中是否使用Lombok:true
2019-05-14 10:17:37.158 INFO  c.c.s.c.g.util.GenerateFileUtils -生成JPA-Lombok Domain,Table Name:DPS_CMDB_MACHINE_SOFT
2019-05-14 10:17:37.163 INFO  c.c.s.c.g.util.GenerateFileUtils -生成JPA Repository,Table Name:DPS_CMDB_MACHINE_SOFT
2019-05-14 10:17:37.166 INFO  c.c.s.c.g.util.GenerateFileUtils -生成JPA Service,Table Name:DPS_CMDB_MACHINE_SOFT
2019-05-14 10:17:37.169 INFO  c.c.s.c.g.util.GenerateFileUtils -生成JPA文件结束
2019-05-14 10:29:03.455 INFO  cn.com.ss.customer.generate.Runner ----开始准备导出数据---
2019-05-14 10:29:03.460 INFO  cn.com.ss.customer.generate.Runner -连接数据库
2019-05-14 10:29:03.494 INFO  c.c.s.c.g.util.PropertiesLoader -===config.properties loaded===
2019-05-14 10:29:06.394 INFO  cn.com.ss.customer.generate.Runner -数据库连接成功
2019-05-14 10:29:06.400 INFO  c.c.s.c.g.util.GenerateFileUtils -开始解析表:DPS_CMDB_MACHINE
2019-05-14 10:29:08.363 INFO  c.c.s.c.g.util.GenerateFileUtils -是否使用JPA:true
2019-05-14 10:29:08.364 INFO  c.c.s.c.g.util.GenerateFileUtils -生成JPA文件开始,Table Name:DPS_CMDB_MACHINE
2019-05-14 10:29:08.376 INFO  c.c.s.c.g.util.GenerateFileUtils -JPA中是否使用Lombok:true
2019-05-14 10:29:08.376 INFO  c.c.s.c.g.util.GenerateFileUtils -生成JPA-Lombok Domain,Table Name:DPS_CMDB_MACHINE
2019-05-14 10:29:08.520 INFO  c.c.s.c.g.util.GenerateFileUtils -生成JPA Repository,Table Name:DPS_CMDB_MACHINE
2019-05-14 10:29:08.523 INFO  c.c.s.c.g.util.GenerateFileUtils -生成JPA Service,Table Name:DPS_CMDB_MACHINE
2019-05-14 10:29:08.531 INFO  c.c.s.c.g.util.GenerateFileUtils -生成JPA ServiceImpl,Table Name:DPS_CMDB_MACHINE
2019-05-14 10:29:08.560 INFO  c.c.s.c.g.util.GenerateFileUtils -生成JPA文件结束
2019-05-14 10:29:08.561 INFO  c.c.s.c.g.util.GenerateFileUtils -开始解析表:DPS_CMDB_MACHINE_INFO
2019-05-14 10:29:09.638 INFO  c.c.s.c.g.util.GenerateFileUtils -是否使用JPA:true
2019-05-14 10:29:09.639 INFO  c.c.s.c.g.util.GenerateFileUtils -生成JPA文件开始,Table Name:DPS_CMDB_MACHINE_INFO
2019-05-14 10:29:09.639 INFO  c.c.s.c.g.util.GenerateFileUtils -JPA中是否使用Lombok:true
2019-05-14 10:29:09.639 INFO  c.c.s.c.g.util.GenerateFileUtils -生成JPA-Lombok Domain,Table Name:DPS_CMDB_MACHINE_INFO
2019-05-14 10:29:09.646 INFO  c.c.s.c.g.util.GenerateFileUtils -生成JPA Repository,Table Name:DPS_CMDB_MACHINE_INFO
2019-05-14 10:29:09.650 INFO  c.c.s.c.g.util.GenerateFileUtils -生成JPA Service,Table Name:DPS_CMDB_MACHINE_INFO
2019-05-14 10:29:09.658 INFO  c.c.s.c.g.util.GenerateFileUtils -生成JPA ServiceImpl,Table Name:DPS_CMDB_MACHINE_INFO
2019-05-14 10:29:09.679 INFO  c.c.s.c.g.util.GenerateFileUtils -生成JPA文件结束
2019-05-14 10:29:09.683 INFO  c.c.s.c.g.util.GenerateFileUtils -开始解析表:DPS_CMDB_MACHINE_SOFT
2019-05-14 10:29:10.984 INFO  c.c.s.c.g.util.GenerateFileUtils -是否使用JPA:true
2019-05-14 10:29:10.985 INFO  c.c.s.c.g.util.GenerateFileUtils -生成JPA文件开始,Table Name:DPS_CMDB_MACHINE_SOFT
2019-05-14 10:29:10.985 INFO  c.c.s.c.g.util.GenerateFileUtils -JPA中是否使用Lombok:true
2019-05-14 10:29:10.985 INFO  c.c.s.c.g.util.GenerateFileUtils -生成JPA-Lombok Domain,Table Name:DPS_CMDB_MACHINE_SOFT
2019-05-14 10:29:10.990 INFO  c.c.s.c.g.util.GenerateFileUtils -生成JPA Repository,Table Name:DPS_CMDB_MACHINE_SOFT
2019-05-14 10:29:10.993 INFO  c.c.s.c.g.util.GenerateFileUtils -生成JPA Service,Table Name:DPS_CMDB_MACHINE_SOFT
2019-05-14 10:29:10.996 INFO  c.c.s.c.g.util.GenerateFileUtils -生成JPA ServiceImpl,Table Name:DPS_CMDB_MACHINE_SOFT
2019-05-14 10:29:11.001 INFO  c.c.s.c.g.util.GenerateFileUtils -生成JPA文件结束
2019-05-14 10:29:55.944 INFO  cn.com.ss.customer.generate.Runner ----开始准备导出数据---
2019-05-14 10:29:55.948 INFO  cn.com.ss.customer.generate.Runner -连接数据库
2019-05-14 10:29:55.976 INFO  c.c.s.c.g.util.PropertiesLoader -===config.properties loaded===
2019-05-14 10:29:58.950 INFO  cn.com.ss.customer.generate.Runner -数据库连接成功
2019-05-14 10:29:58.955 INFO  c.c.s.c.g.util.GenerateFileUtils -开始解析表:DPS_CMDB_MACHINE
2019-05-14 10:30:00.878 INFO  c.c.s.c.g.util.GenerateFileUtils -是否使用JPA:true
2019-05-14 10:30:00.878 INFO  c.c.s.c.g.util.GenerateFileUtils -生成JPA文件开始,Table Name:DPS_CMDB_MACHINE
2019-05-14 10:30:00.892 INFO  c.c.s.c.g.util.GenerateFileUtils -JPA中是否使用Lombok:true
2019-05-14 10:30:00.893 INFO  c.c.s.c.g.util.GenerateFileUtils -生成JPA-Lombok Domain,Table Name:DPS_CMDB_MACHINE
2019-05-14 10:30:01.030 INFO  c.c.s.c.g.util.GenerateFileUtils -生成JPA Repository,Table Name:DPS_CMDB_MACHINE
2019-05-14 10:30:01.033 INFO  c.c.s.c.g.util.GenerateFileUtils -生成JPA Service,Table Name:DPS_CMDB_MACHINE
2019-05-14 10:30:01.041 INFO  c.c.s.c.g.util.GenerateFileUtils -生成JPA ServiceImpl,Table Name:DPS_CMDB_MACHINE
2019-05-14 10:30:01.044 INFO  c.c.s.c.g.util.GenerateFileUtils -生成JPA文件结束
2019-05-14 10:30:01.044 INFO  c.c.s.c.g.util.GenerateFileUtils -开始解析表:DPS_CMDB_MACHINE_INFO
2019-05-14 10:30:02.155 INFO  c.c.s.c.g.util.GenerateFileUtils -是否使用JPA:true
2019-05-14 10:30:02.155 INFO  c.c.s.c.g.util.GenerateFileUtils -生成JPA文件开始,Table Name:DPS_CMDB_MACHINE_INFO
2019-05-14 10:30:02.155 INFO  c.c.s.c.g.util.GenerateFileUtils -JPA中是否使用Lombok:true
2019-05-14 10:30:02.156 INFO  c.c.s.c.g.util.GenerateFileUtils -生成JPA-Lombok Domain,Table Name:DPS_CMDB_MACHINE_INFO
2019-05-14 10:30:02.161 INFO  c.c.s.c.g.util.GenerateFileUtils -生成JPA Repository,Table Name:DPS_CMDB_MACHINE_INFO
2019-05-14 10:30:02.164 INFO  c.c.s.c.g.util.GenerateFileUtils -生成JPA Service,Table Name:DPS_CMDB_MACHINE_INFO
2019-05-14 10:30:02.168 INFO  c.c.s.c.g.util.GenerateFileUtils -生成JPA ServiceImpl,Table Name:DPS_CMDB_MACHINE_INFO
2019-05-14 10:30:02.173 INFO  c.c.s.c.g.util.GenerateFileUtils -生成JPA文件结束
2019-05-14 10:30:02.174 INFO  c.c.s.c.g.util.GenerateFileUtils -开始解析表:DPS_CMDB_MACHINE_SOFT
2019-05-14 10:30:03.566 INFO  c.c.s.c.g.util.GenerateFileUtils -是否使用JPA:true
2019-05-14 10:30:03.567 INFO  c.c.s.c.g.util.GenerateFileUtils -生成JPA文件开始,Table Name:DPS_CMDB_MACHINE_SOFT
2019-05-14 10:30:03.567 INFO  c.c.s.c.g.util.GenerateFileUtils -JPA中是否使用Lombok:true
2019-05-14 10:30:03.567 INFO  c.c.s.c.g.util.GenerateFileUtils -生成JPA-Lombok Domain,Table Name:DPS_CMDB_MACHINE_SOFT
2019-05-14 10:30:03.572 INFO  c.c.s.c.g.util.GenerateFileUtils -生成JPA Repository,Table Name:DPS_CMDB_MACHINE_SOFT
2019-05-14 10:30:03.576 INFO  c.c.s.c.g.util.GenerateFileUtils -生成JPA Service,Table Name:DPS_CMDB_MACHINE_SOFT
2019-05-14 10:30:03.580 INFO  c.c.s.c.g.util.GenerateFileUtils -生成JPA ServiceImpl,Table Name:DPS_CMDB_MACHINE_SOFT
2019-05-14 10:30:03.585 INFO  c.c.s.c.g.util.GenerateFileUtils -生成JPA文件结束
2019-05-14 10:31:38.129 INFO  cn.com.ss.customer.generate.Runner ----开始准备导出数据---
2019-05-14 10:31:38.132 INFO  cn.com.ss.customer.generate.Runner -连接数据库
2019-05-14 10:31:38.159 INFO  c.c.s.c.g.util.PropertiesLoader -===config.properties loaded===
2019-05-14 10:31:41.124 INFO  cn.com.ss.customer.generate.Runner -数据库连接成功
2019-05-14 10:31:41.128 INFO  c.c.s.c.g.util.GenerateFileUtils -开始解析表:DPS_CMDB_MACHINE
2019-05-14 10:31:43.131 INFO  c.c.s.c.g.util.GenerateFileUtils -是否使用JPA:true
2019-05-14 10:31:43.131 INFO  c.c.s.c.g.util.GenerateFileUtils -生成JPA文件开始,Table Name:DPS_CMDB_MACHINE
2019-05-14 10:31:43.142 INFO  c.c.s.c.g.util.GenerateFileUtils -JPA中是否使用Lombok:true
2019-05-14 10:31:43.143 INFO  c.c.s.c.g.util.GenerateFileUtils -生成JPA-Lombok Domain,Table Name:DPS_CMDB_MACHINE
2019-05-14 10:31:43.287 INFO  c.c.s.c.g.util.GenerateFileUtils -生成JPA Repository,Table Name:DPS_CMDB_MACHINE
2019-05-14 10:31:43.290 INFO  c.c.s.c.g.util.GenerateFileUtils -生成JPA Service,Table Name:DPS_CMDB_MACHINE
2019-05-14 10:31:43.297 INFO  c.c.s.c.g.util.GenerateFileUtils -生成JPA ServiceImpl,Table Name:DPS_CMDB_MACHINE
2019-05-14 10:31:43.300 INFO  c.c.s.c.g.util.GenerateFileUtils -生成JPA文件结束
2019-05-14 10:31:43.300 INFO  c.c.s.c.g.util.GenerateFileUtils -开始解析表:DPS_CMDB_MACHINE_INFO
2019-05-14 10:31:44.507 INFO  c.c.s.c.g.util.GenerateFileUtils -是否使用JPA:true
2019-05-14 10:31:44.508 INFO  c.c.s.c.g.util.GenerateFileUtils -生成JPA文件开始,Table Name:DPS_CMDB_MACHINE_INFO
2019-05-14 10:31:44.508 INFO  c.c.s.c.g.util.GenerateFileUtils -JPA中是否使用Lombok:true
2019-05-14 10:31:44.509 INFO  c.c.s.c.g.util.GenerateFileUtils -生成JPA-Lombok Domain,Table Name:DPS_CMDB_MACHINE_INFO
2019-05-14 10:31:44.514 INFO  c.c.s.c.g.util.GenerateFileUtils -生成JPA Repository,Table Name:DPS_CMDB_MACHINE_INFO
2019-05-14 10:31:44.517 INFO  c.c.s.c.g.util.GenerateFileUtils -生成JPA Service,Table Name:DPS_CMDB_MACHINE_INFO
2019-05-14 10:31:44.522 INFO  c.c.s.c.g.util.GenerateFileUtils -生成JPA ServiceImpl,Table Name:DPS_CMDB_MACHINE_INFO
2019-05-14 10:31:44.527 INFO  c.c.s.c.g.util.GenerateFileUtils -生成JPA文件结束
2019-05-14 10:31:44.527 INFO  c.c.s.c.g.util.GenerateFileUtils -开始解析表:DPS_CMDB_MACHINE_SOFT
2019-05-14 10:31:45.966 INFO  c.c.s.c.g.util.GenerateFileUtils -是否使用JPA:true
2019-05-14 10:31:45.966 INFO  c.c.s.c.g.util.GenerateFileUtils -生成JPA文件开始,Table Name:DPS_CMDB_MACHINE_SOFT
2019-05-14 10:31:45.967 INFO  c.c.s.c.g.util.GenerateFileUtils -JPA中是否使用Lombok:true
2019-05-14 10:31:45.967 INFO  c.c.s.c.g.util.GenerateFileUtils -生成JPA-Lombok Domain,Table Name:DPS_CMDB_MACHINE_SOFT
2019-05-14 10:31:45.972 INFO  c.c.s.c.g.util.GenerateFileUtils -生成JPA Repository,Table Name:DPS_CMDB_MACHINE_SOFT
2019-05-14 10:31:45.976 INFO  c.c.s.c.g.util.GenerateFileUtils -生成JPA Service,Table Name:DPS_CMDB_MACHINE_SOFT
2019-05-14 10:31:45.980 INFO  c.c.s.c.g.util.GenerateFileUtils -生成JPA ServiceImpl,Table Name:DPS_CMDB_MACHINE_SOFT
2019-05-14 10:31:45.985 INFO  c.c.s.c.g.util.GenerateFileUtils -生成JPA文件结束
