2019-05-13 14:26:26.392 INFO  cn.com.ss.customer.generate.Runner ----开始准备导出数据---
2019-05-13 14:26:26.430 INFO  cn.com.ss.customer.generate.Runner -连接数据库
2019-05-13 14:26:26.513 INFO  c.c.s.c.g.util.PropertiesLoader -===config.properties loaded===
2019-05-13 14:26:29.420 INFO  cn.com.ss.customer.generate.Runner -数据库连接成功
2019-05-13 14:26:29.528 INFO  c.c.s.c.g.util.GenerateFileUtils -开始解析表:DPS_TENEMENT_USER
2019-05-13 14:26:31.056 INFO  c.c.s.c.g.util.GenerateFileUtils -是否使用JPA:true
2019-05-13 14:26:31.057 INFO  c.c.s.c.g.util.GenerateFileUtils -生成JPA文件开始,Table Name:DPS_TENEMENT_USER
2019-05-13 14:26:31.074 INFO  c.c.s.c.g.util.GenerateFileUtils -JPA中是否使用Lombok:true
2019-05-13 14:26:31.075 INFO  c.c.s.c.g.util.GenerateFileUtils -生成JPA-Lombok Domain,Table Name:DPS_TENEMENT_USER
2019-05-13 14:26:31.407 INFO  c.c.s.c.g.util.GenerateFileUtils -生成JPA Repository,Table Name:DPS_TENEMENT_USER
2019-05-13 14:26:31.425 INFO  c.c.s.c.g.util.GenerateFileUtils -生成JPA文件结束
2019-05-13 14:27:01.107 INFO  cn.com.ss.customer.generate.Runner ----开始准备导出数据---
2019-05-13 14:27:01.111 INFO  cn.com.ss.customer.generate.Runner -连接数据库
2019-05-13 14:27:01.138 INFO  c.c.s.c.g.util.PropertiesLoader -===config.properties loaded===
2019-05-13 14:27:04.087 INFO  cn.com.ss.customer.generate.Runner -数据库连接成功
2019-05-13 14:27:04.092 INFO  c.c.s.c.g.util.GenerateFileUtils -开始解析表:DPS_TENEMENT_USER
2019-05-13 14:27:05.090 INFO  c.c.s.c.g.util.GenerateFileUtils -是否使用JPA:true
2019-05-13 14:27:05.092 INFO  c.c.s.c.g.util.GenerateFileUtils -生成JPA文件开始,Table Name:DPS_TENEMENT_USER
2019-05-13 14:27:05.111 INFO  c.c.s.c.g.util.GenerateFileUtils -JPA中是否使用Lombok:true
2019-05-13 14:27:05.112 INFO  c.c.s.c.g.util.GenerateFileUtils -生成JPA-Lombok Domain,Table Name:DPS_TENEMENT_USER
2019-05-13 14:27:05.305 INFO  c.c.s.c.g.util.GenerateFileUtils -生成JPA Repository,Table Name:DPS_TENEMENT_USER
2019-05-13 14:27:05.310 INFO  c.c.s.c.g.util.GenerateFileUtils -生成JPA文件结束
