2019-08-14 13:46:07.366 INFO  cn.com.ss.customer.generate.Runner ----开始准备导出数据---
2019-08-14 13:46:07.399 INFO  cn.com.ss.customer.generate.Runner -连接数据库
2019-08-14 13:46:07.493 INFO  c.c.s.c.g.util.PropertiesLoader -===config.properties loaded===
2019-08-14 13:46:10.092 INFO  cn.com.ss.customer.generate.Runner -数据库连接成功
2019-08-14 13:46:10.114 INFO  c.c.s.c.g.util.GenerateFileUtils -开始解析表:DPS_FLOW_PROCESS
2019-08-14 13:46:11.254 INFO  c.c.s.c.g.util.GenerateFileUtils -是否使用JPA:true
2019-08-14 13:46:11.255 INFO  c.c.s.c.g.util.GenerateFileUtils -生成JPA文件开始,Table Name:DPS_FLOW_PROCESS
2019-08-14 13:46:11.273 INFO  c.c.s.c.g.util.GenerateFileUtils -JPA中是否使用Lombok:true
2019-08-14 13:46:11.273 INFO  c.c.s.c.g.util.GenerateFileUtils -生成JPA-Lombok Domain,Table Name:DPS_FLOW_PROCESS
2019-08-14 13:46:11.471 INFO  c.c.s.c.g.util.GenerateFileUtils -生成JPA Repository,Table Name:DPS_FLOW_PROCESS
2019-08-14 13:46:11.474 INFO  c.c.s.c.g.util.GenerateFileUtils -生成JPA Service,Table Name:DPS_FLOW_PROCESS
2019-08-14 13:46:11.483 INFO  c.c.s.c.g.util.GenerateFileUtils -生成JPA ServiceImpl,Table Name:DPS_FLOW_PROCESS
2019-08-14 13:46:11.487 INFO  c.c.s.c.g.util.GenerateFileUtils -生成JPA文件结束
2019-08-14 13:46:11.488 INFO  c.c.s.c.g.util.GenerateFileUtils -开始解析表:DPS_FLOW_PROCESS_NODE
2019-08-14 13:46:12.551 INFO  c.c.s.c.g.util.GenerateFileUtils -是否使用JPA:true
2019-08-14 13:46:12.551 INFO  c.c.s.c.g.util.GenerateFileUtils -生成JPA文件开始,Table Name:DPS_FLOW_PROCESS_NODE
2019-08-14 13:46:12.552 INFO  c.c.s.c.g.util.GenerateFileUtils -JPA中是否使用Lombok:true
2019-08-14 13:46:12.552 INFO  c.c.s.c.g.util.GenerateFileUtils -生成JPA-Lombok Domain,Table Name:DPS_FLOW_PROCESS_NODE
2019-08-14 13:46:12.564 INFO  c.c.s.c.g.util.GenerateFileUtils -生成JPA Repository,Table Name:DPS_FLOW_PROCESS_NODE
2019-08-14 13:46:12.569 INFO  c.c.s.c.g.util.GenerateFileUtils -生成JPA Service,Table Name:DPS_FLOW_PROCESS_NODE
2019-08-14 13:46:12.572 INFO  c.c.s.c.g.util.GenerateFileUtils -生成JPA ServiceImpl,Table Name:DPS_FLOW_PROCESS_NODE
2019-08-14 13:46:12.578 INFO  c.c.s.c.g.util.GenerateFileUtils -生成JPA文件结束
